
=== Fri May 26 04:24:01 2023

Packages were changed.
Update Mode: updateDependencies

The following packages were updated:
  com.unity.collab-proxy from version 2.0.0 to 2.0.4
  com.unity.ide.rider from version 3.0.18 to 3.0.21
  com.unity.ide.visualstudio from version 2.0.17 to 2.0.18
  com.unity.probuilder from version 5.0.6 to 5.0.7
  com.unity.test-framework from version 1.1.31 to 1.1.33
  com.unity.timeline from version 1.6.4 to 1.6.5

=== Sat May 27 06:45:44 2023

Packages were changed.
Update Mode: updateDependencies

The following packages were updated:
  com.unity.collab-proxy from version 2.0.0 to 2.0.4
  com.unity.ide.rider from version 3.0.18 to 3.0.21
  com.unity.ide.visualstudio from version 2.0.17 to 2.0.18
  com.unity.probuilder from version 5.0.6 to 5.0.7
  com.unity.test-framework from version 1.1.31 to 1.1.33
  com.unity.timeline from version 1.6.4 to 1.6.5
